D:\GOOGLE DRIVE\NSCC\PROG 2100 (C++)\PROG2100-CPLUSPLUS\TICTACTOE\X64\RELEASE\GAMEBOARD.OBJ
D:\GOOGLE DRIVE\NSCC\PROG 2100 (C++)\PROG2100-CPLUSPLUS\TICTACTOE\X64\RELEASE\GAME.OBJ
D:\GOOGLE DRIVE\NSCC\PROG 2100 (C++)\PROG2100-CPLUSPLUS\TICTACTOE\X64\RELEASE\COMPUTERAI.OBJ
D:\GOOGLE DRIVE\NSCC\PROG 2100 (C++)\PROG2100-CPLUSPLUS\TICTACTOE\X64\RELEASE\VC110.PDB
D:\GOOGLE DRIVE\NSCC\PROG 2100 (C++)\PROG2100-CPLUSPLUS\TICTACTOE\X64\RELEASE\TICTACTOE.EXE
D:\GOOGLE DRIVE\NSCC\PROG 2100 (C++)\PROG2100-CPLUSPLUS\TICTACTOE\X64\RELEASE\TICTACTOE.PDB
D:\Google Drive\NSCC\PROG 2100 (C++)\PROG2100-Cplusplus\TicTacToe\x64\Release\computerAI.obj
D:\Google Drive\NSCC\PROG 2100 (C++)\PROG2100-Cplusplus\TicTacToe\x64\Release\Game.obj
D:\Google Drive\NSCC\PROG 2100 (C++)\PROG2100-Cplusplus\TicTacToe\x64\Release\gameBoard.obj
D:\Google Drive\NSCC\PROG 2100 (C++)\PROG2100-Cplusplus\TicTacToe\x64\Release\cl.command.1.tlog
D:\Google Drive\NSCC\PROG 2100 (C++)\PROG2100-Cplusplus\TicTacToe\x64\Release\CL.read.1.tlog
D:\Google Drive\NSCC\PROG 2100 (C++)\PROG2100-Cplusplus\TicTacToe\x64\Release\CL.write.1.tlog
D:\Google Drive\NSCC\PROG 2100 (C++)\PROG2100-Cplusplus\TicTacToe\x64\Release\link-cvtres.read.1.tlog
D:\Google Drive\NSCC\PROG 2100 (C++)\PROG2100-Cplusplus\TicTacToe\x64\Release\link-cvtres.write.1.tlog
D:\Google Drive\NSCC\PROG 2100 (C++)\PROG2100-Cplusplus\TicTacToe\x64\Release\link-rc.read.1.tlog
D:\Google Drive\NSCC\PROG 2100 (C++)\PROG2100-Cplusplus\TicTacToe\x64\Release\link-rc.write.1.tlog
D:\Google Drive\NSCC\PROG 2100 (C++)\PROG2100-Cplusplus\TicTacToe\x64\Release\link.command.1.tlog
D:\Google Drive\NSCC\PROG 2100 (C++)\PROG2100-Cplusplus\TicTacToe\x64\Release\link.read.1.tlog
D:\Google Drive\NSCC\PROG 2100 (C++)\PROG2100-Cplusplus\TicTacToe\x64\Release\link.read.2.tlog
D:\Google Drive\NSCC\PROG 2100 (C++)\PROG2100-Cplusplus\TicTacToe\x64\Release\link.read.3.tlog
D:\Google Drive\NSCC\PROG 2100 (C++)\PROG2100-Cplusplus\TicTacToe\x64\Release\link.read.4.tlog
D:\Google Drive\NSCC\PROG 2100 (C++)\PROG2100-Cplusplus\TicTacToe\x64\Release\link.read.5.tlog
D:\Google Drive\NSCC\PROG 2100 (C++)\PROG2100-Cplusplus\TicTacToe\x64\Release\link.write.1.tlog
D:\Google Drive\NSCC\PROG 2100 (C++)\PROG2100-Cplusplus\TicTacToe\x64\Release\TicTacToe.pdb
D:\Google Drive\NSCC\PROG 2100 (C++)\PROG2100-Cplusplus\TicTacToe\x64\Release\vc110.pdb
D:\Google Drive\NSCC\PROG 2100 (C++)\PROG2100-Cplusplus\TicTacToe\x64\Release\TicTacToe.exe
