D:\GOOGLE DRIVE\NSCC\PROG 2100 (C++)\PROG2100-CPLUSPLUS\TICTACTOE\X64\DEBUG\COMPUTERAI.OBJ
D:\GOOGLE DRIVE\NSCC\PROG 2100 (C++)\PROG2100-CPLUSPLUS\TICTACTOE\X64\DEBUG\GAME.OBJ
D:\GOOGLE DRIVE\NSCC\PROG 2100 (C++)\PROG2100-CPLUSPLUS\TICTACTOE\X64\DEBUG\GAMEBOARD.OBJ
D:\GOOGLE DRIVE\NSCC\PROG 2100 (C++)\PROG2100-CPLUSPLUS\TICTACTOE\X64\DEBUG\VC110.PDB
D:\GOOGLE DRIVE\NSCC\PROG 2100 (C++)\PROG2100-CPLUSPLUS\TICTACTOE\X64\DEBUG\TICTACTOE.ILK
D:\GOOGLE DRIVE\NSCC\PROG 2100 (C++)\PROG2100-CPLUSPLUS\TICTACTOE\X64\DEBUG\TICTACTOE.EXE
D:\GOOGLE DRIVE\NSCC\PROG 2100 (C++)\PROG2100-CPLUSPLUS\TICTACTOE\X64\DEBUG\TICTACTOE.PDB
D:\Google Drive\NSCC\PROG 2100 (C++)\PROG2100-Cplusplus\TicTacToe\x64\Debug\computerAI.obj
D:\Google Drive\NSCC\PROG 2100 (C++)\PROG2100-Cplusplus\TicTacToe\x64\Debug\Game.obj
D:\Google Drive\NSCC\PROG 2100 (C++)\PROG2100-Cplusplus\TicTacToe\x64\Debug\gameBoard.obj
D:\Google Drive\NSCC\PROG 2100 (C++)\PROG2100-Cplusplus\TicTacToe\x64\Debug\TicTacToe.ilk
D:\Google Drive\NSCC\PROG 2100 (C++)\PROG2100-Cplusplus\TicTacToe\x64\Debug\cl.command.1.tlog
D:\Google Drive\NSCC\PROG 2100 (C++)\PROG2100-Cplusplus\TicTacToe\x64\Debug\CL.read.1.tlog
D:\Google Drive\NSCC\PROG 2100 (C++)\PROG2100-Cplusplus\TicTacToe\x64\Debug\CL.write.1.tlog
D:\Google Drive\NSCC\PROG 2100 (C++)\PROG2100-Cplusplus\TicTacToe\x64\Debug\link-cvtres.read.1.tlog
D:\Google Drive\NSCC\PROG 2100 (C++)\PROG2100-Cplusplus\TicTacToe\x64\Debug\link-cvtres.write.1.tlog
D:\Google Drive\NSCC\PROG 2100 (C++)\PROG2100-Cplusplus\TicTacToe\x64\Debug\link-rc.read.1.tlog
D:\Google Drive\NSCC\PROG 2100 (C++)\PROG2100-Cplusplus\TicTacToe\x64\Debug\link-rc.write.1.tlog
D:\Google Drive\NSCC\PROG 2100 (C++)\PROG2100-Cplusplus\TicTacToe\x64\Debug\link.command.1.tlog
D:\Google Drive\NSCC\PROG 2100 (C++)\PROG2100-Cplusplus\TicTacToe\x64\Debug\link.read.1.tlog
D:\Google Drive\NSCC\PROG 2100 (C++)\PROG2100-Cplusplus\TicTacToe\x64\Debug\link.write.1.tlog
D:\Google Drive\NSCC\PROG 2100 (C++)\PROG2100-Cplusplus\TicTacToe\x64\Debug\vc110.idb
D:\Google Drive\NSCC\PROG 2100 (C++)\PROG2100-Cplusplus\TicTacToe\x64\Debug\TicTacToe.pdb
D:\Google Drive\NSCC\PROG 2100 (C++)\PROG2100-Cplusplus\TicTacToe\x64\Debug\vc110.pdb
D:\Google Drive\NSCC\PROG 2100 (C++)\PROG2100-Cplusplus\TicTacToe\x64\Debug\TicTacToe.exe
